<?xml version="1.0" encoding="utf-8"?><testsuites><testsuite errors="0" failures="3" hostname="DESKTOP-454JC8E" name="pytest" skipped="0" tests="3" time="0.055" timestamp="2019-12-17T21:59:19.399013"><testcase classname="Tests.test_graphics.Test_test_graphics" file="Tests\test_graphics.py" line="20" name="test_draw_stats_player" time="0.001"><failure message="NameError: name &apos;graphics&apos; is not defined">self = &lt;test_graphics.Test_test_graphics testMethod=test_draw_stats_player&gt;

    def setUp(self):
        Graphics.pygame = MagicMock()
        self.lib = MagicMock()
        self.window = MagicMock()
        self.graphics = Graphics.Graphics(self.lib)
&gt;       graphics.init(self.window)
E       NameError: name &apos;graphics&apos; is not defined

Tests\test_graphics.py:13: NameError</failure></testcase><testcase classname="Tests.test_graphics.Test_test_graphics" file="Tests\test_graphics.py" line="26" name="test_draw_unit" time="0.001"><failure message="NameError: name &apos;graphics&apos; is not defined">self = &lt;test_graphics.Test_test_graphics testMethod=test_draw_unit&gt;

    def setUp(self):
        Graphics.pygame = MagicMock()
        self.lib = MagicMock()
        self.window = MagicMock()
        self.graphics = Graphics.Graphics(self.lib)
&gt;       graphics.init(self.window)
E       NameError: name &apos;graphics&apos; is not defined

Tests\test_graphics.py:13: NameError</failure></testcase><testcase classname="Tests.test_graphics.Test_test_graphics" file="Tests\test_graphics.py" line="14" name="test_init" time="0.001"><failure message="NameError: name &apos;graphics&apos; is not defined">self = &lt;test_graphics.Test_test_graphics testMethod=test_init&gt;

    def setUp(self):
        Graphics.pygame = MagicMock()
        self.lib = MagicMock()
        self.window = MagicMock()
        self.graphics = Graphics.Graphics(self.lib)
&gt;       graphics.init(self.window)
E       NameError: name &apos;graphics&apos; is not defined

Tests\test_graphics.py:13: NameError</failure></testcase></testsuite></testsuites>